<?xml version="1.0" encoding="UTF-8"?>
<!-- Generated by org.testng.reporters.JUnitReportReporter -->
<testsuite hostname="DESKTOP-197M06D" failures="0" tests="2" name="testcases.AddCustomerTest" time="8.802" errors="0" timestamp="26 Feb 2022 20:45:33 GMT" skipped="0">
  <testcase classname="testcases.AddCustomerTest" name="addCustomerTest" time="4.178"/>
  <testcase classname="testcases.AddCustomerTest" name="addCustomerTest" time="4.624"/>
</testsuite> <!-- testcases.AddCustomerTest -->
