<?xml version="1.0" encoding="UTF-8"?>
<!-- Generated by org.testng.reporters.JUnitReportReporter -->
<testsuite hostname="DESKTOP-197M06D" failures="0" tests="1" name="testcases.OpenAccountTest" time="6.241" errors="0" timestamp="26 Feb 2022 20:45:33 GMT" skipped="0">
  <testcase classname="testcases.OpenAccountTest" name="openAccountTest" time="6.241"/>
</testsuite> <!-- testcases.OpenAccountTest -->
