<?xml version="1.0" encoding="UTF-8"?>
<!-- Generated by org.testng.reporters.JUnitReportReporter -->
<testsuite hostname="DESKTOP-197M06D" failures="0" tests="1" name="testcases.BankManagerLoginTest" time="2.580" errors="0" timestamp="27 Feb 2022 00:19:51 GMT" skipped="0">
  <testcase classname="testcases.BankManagerLoginTest" name="loginAsBankManager" time="2.580"/>
</testsuite> <!-- testcases.BankManagerLoginTest -->
