<?xml version="1.0" encoding="UTF-8"?>
<!-- Generated by org.testng.reporters.JUnitReportReporter -->
<testsuite hostname="DESKTOP-197M06D" failures="0" tests="2" name="testcases.AddCustomerTest" time="9.001" errors="0" timestamp="27 Feb 2022 00:19:51 GMT" skipped="0">
  <testcase classname="testcases.AddCustomerTest" name="addCustomerTest" time="4.267"/>
  <testcase classname="testcases.AddCustomerTest" name="addCustomerTest" time="4.734"/>
</testsuite> <!-- testcases.AddCustomerTest -->
